\BOOKMARK [0][-]{chapter*.1}{\376\377\000C\000o\000n\000t\000e\000n\000t\000s}{}% 1
\BOOKMARK [0][-]{chapter*.2}{\376\377\000L\000i\000s\000t\000\040\000o\000f\000\040\000F\000i\000g\000u\000r\000e\000s}{}% 2
\BOOKMARK [0][-]{chapter*.3}{\376\377\000L\000i\000s\000t\000\040\000o\000f\000\040\000T\000a\000b\000l\000e\000s}{}% 3
\BOOKMARK [0][-]{chapter.1}{\376\377\000I\000n\000t\000r\000o\000d\000u\000c\000t\000i\000o\000n\000\040\000t\000o\000\040\000C\000o\000m\000p\000u\000t\000a\000t\000i\000o\000n\000a\000l\000\040\000S\000c\000i\000e\000n\000c\000e}{}% 4
\BOOKMARK [1][-]{section.1.1}{\376\377\000L\000e\000a\000r\000n\000i\000n\000g\000\040\000O\000b\000j\000e\000c\000t\000i\000v\000e\000s}{chapter.1}% 5
\BOOKMARK [1][-]{section.1.2}{\376\377\000M\000a\000s\000s\000-\000S\000p\000r\000i\000n\000g\000\040\000D\000y\000n\000a\000m\000i\000c\000s\000\040\000S\000i\000m\000u\000l\000a\000t\000i\000o\000n}{chapter.1}% 6
\BOOKMARK [2][-]{subsection.1.2.1}{\376\377\000W\000h\000a\000t\000\040\000i\000s\000\040\000M\000a\000s\000s\000-\000S\000p\000r\000i\000n\000g\000\040\000D\000y\000n\000a\000m\000i\000c\000s\000?}{section.1.2}% 7
\BOOKMARK [3][-]{subsubsection.1.2.1.1}{\376\377\000F\000u\000n\000d\000a\000m\000e\000n\000t\000a\000l\000\040\000C\000o\000m\000p\000o\000n\000e\000n\000t\000s\000\040\000o\000f\000\040\000M\000a\000s\000s\000-\000S\000p\000r\000i\000n\000g\000\040\000S\000y\000s\000t\000e\000m\000s}{subsection.1.2.1}% 8
\BOOKMARK [3][-]{subsubsection.1.2.1.2}{\376\377\000P\000h\000y\000s\000i\000c\000a\000l\000\040\000P\000r\000i\000n\000c\000i\000p\000l\000e\000s\000\040\000G\000o\000v\000e\000r\000n\000i\000n\000g\000\040\000M\000a\000s\000s\000-\000S\000p\000r\000i\000n\000g\000\040\000D\000y\000n\000a\000m\000i\000c\000s}{subsection.1.2.1}% 9
\BOOKMARK [3][-]{subsubsection.1.2.1.3}{\376\377\000A\000p\000p\000l\000i\000c\000a\000t\000i\000o\000n\000s\000\040\000o\000f\000\040\000M\000a\000s\000s\000-\000S\000p\000r\000i\000n\000g\000\040\000D\000y\000n\000a\000m\000i\000c\000s}{subsection.1.2.1}% 10
\BOOKMARK [3][-]{subsubsection.1.2.1.4}{\376\377\000C\000o\000m\000p\000u\000t\000a\000t\000i\000o\000n\000a\000l\000\040\000C\000h\000a\000l\000l\000e\000n\000g\000e\000s\000\040\000i\000n\000\040\000M\000a\000s\000s\000-\000S\000p\000r\000i\000n\000g\000\040\000D\000y\000n\000a\000m\000i\000c\000s}{subsection.1.2.1}% 11
\BOOKMARK [3][-]{subsubsection.1.2.1.5}{\376\377\000W\000h\000y\000\040\000M\000a\000s\000s\000-\000S\000p\000r\000i\000n\000g\000\040\000D\000y\000n\000a\000m\000i\000c\000s\000\040\000i\000s\000\040\000I\000m\000p\000o\000r\000t\000a\000n\000t\000\040\000f\000o\000r\000\040\000C\000o\000m\000p\000u\000t\000a\000t\000i\000o\000n\000a\000l\000\040\000S\000c\000i\000e\000n\000c\000e}{subsection.1.2.1}% 12
\BOOKMARK [2][-]{subsection.1.2.2}{\376\377\000U\000n\000d\000e\000r\000s\000t\000a\000n\000d\000i\000n\000g\000\040\000M\000a\000s\000s\000-\000S\000p\000r\000i\000n\000g\000\040\000D\000y\000n\000a\000m\000i\000c\000s\000:\000\040\000A\000\040\000C\000o\000m\000p\000u\000t\000a\000t\000i\000o\000n\000a\000l\000\040\000S\000c\000i\000e\000n\000c\000e\000\040\000E\000x\000a\000m\000p\000l\000e}{section.1.2}% 13
\BOOKMARK [3][-]{subsubsection.1.2.2.1}{\376\377\000T\000h\000e\000\040\000P\000h\000y\000s\000i\000c\000a\000l\000\040\000S\000y\000s\000t\000e\000m}{subsection.1.2.2}% 14
\BOOKMARK [3][-]{subsubsection.1.2.2.2}{\376\377\000M\000a\000t\000h\000e\000m\000a\000t\000i\000c\000a\000l\000\040\000M\000o\000d\000e\000l\000i\000n\000g\000\040\000C\000o\000m\000p\000o\000n\000e\000n\000t\000s}{subsection.1.2.2}% 15
\BOOKMARK [3][-]{subsubsection.1.2.2.3}{\376\377\000C\000o\000m\000p\000u\000t\000a\000t\000i\000o\000n\000a\000l\000\040\000I\000m\000p\000l\000e\000m\000e\000n\000t\000a\000t\000i\000o\000n}{subsection.1.2.2}% 16
\BOOKMARK [3][-]{subsubsection.1.2.2.4}{\376\377\000I\000n\000t\000e\000r\000d\000i\000s\000c\000i\000p\000l\000i\000n\000a\000r\000y\000\040\000N\000a\000t\000u\000r\000e\000\040\000D\000e\000m\000o\000n\000s\000t\000r\000a\000t\000e\000d}{subsection.1.2.2}% 17
\BOOKMARK [3][-]{subsubsection.1.2.2.5}{\376\377\000E\000d\000u\000c\000a\000t\000i\000o\000n\000a\000l\000\040\000a\000n\000d\000\040\000R\000e\000s\000e\000a\000r\000c\000h\000\040\000A\000p\000p\000l\000i\000c\000a\000t\000i\000o\000n\000s}{subsection.1.2.2}% 18
\BOOKMARK [3][-]{subsubsection.1.2.2.6}{\376\377\000C\000o\000m\000p\000u\000t\000a\000t\000i\000o\000n\000a\000l\000\040\000C\000h\000a\000l\000l\000e\000n\000g\000e\000s\000\040\000a\000n\000d\000\040\000C\000o\000n\000s\000i\000d\000e\000r\000a\000t\000i\000o\000n\000s}{subsection.1.2.2}% 19
\BOOKMARK [1][-]{section.1.3}{\376\377\000W\000h\000a\000t\000\040\000i\000s\000\040\000C\000o\000m\000p\000u\000t\000a\000t\000i\000o\000n\000a\000l\000\040\000S\000c\000i\000e\000n\000c\000e\000?}{chapter.1}% 20
\BOOKMARK [2][-]{subsection.1.3.1}{\376\377\000T\000h\000e\000\040\000E\000v\000o\000l\000u\000t\000i\000o\000n\000\040\000o\000f\000\040\000S\000c\000i\000e\000n\000t\000i\000f\000i\000c\000\040\000M\000e\000t\000h\000o\000d\000o\000l\000o\000g\000y}{section.1.3}% 21
\BOOKMARK [2][-]{subsection.1.3.2}{\376\377\000T\000h\000e\000\040\000F\000o\000u\000r\000\040\000P\000i\000l\000l\000a\000r\000s\000\040\000o\000f\000\040\000S\000c\000i\000e\000n\000t\000i\000f\000i\000c\000\040\000D\000i\000s\000c\000o\000v\000e\000r\000y}{section.1.3}% 22
\BOOKMARK [3][-]{subsubsection.1.3.2.1}{\376\377\000O\000b\000s\000e\000r\000v\000a\000t\000i\000o\000n\000a\000l\000\040\000S\000c\000i\000e\000n\000c\000e\000:\000\040\000"\000W\000i\000n\000g\000s\000\040\000o\000r\000\040\000P\000r\000o\000p\000e\000l\000l\000e\000r\000?\000"}{subsection.1.3.2}% 23
\BOOKMARK [3][-]{subsubsection.1.3.2.2}{\376\377\000E\000x\000p\000e\000r\000i\000m\000e\000n\000t\000a\000l\000\040\000S\000c\000i\000e\000n\000c\000e\000:\000\040\000"\000S\000l\000o\000w\000\040\000i\000t\000\040\000D\000o\000w\000n\000!\000"}{subsection.1.3.2}% 24
\BOOKMARK [3][-]{subsubsection.1.3.2.3}{\376\377\000T\000h\000e\000o\000r\000e\000t\000i\000c\000a\000l\000\040\000S\000c\000i\000e\000n\000c\000e\000:\000\040\000"\000K\000n\000o\000t\000\040\000T\000h\000e\000o\000r\000y\000"}{subsection.1.3.2}% 25
\BOOKMARK [3][-]{subsubsection.1.3.2.4}{\376\377\000C\000o\000m\000p\000u\000t\000a\000t\000i\000o\000n\000a\000l\000\040\000S\000c\000i\000e\000n\000c\000e\000:\000\040\000"\000C\000o\000n\000s\000t\000r\000u\000c\000t\000\040\000a\000\040\000S\000i\000m\000u\000l\000a\000t\000i\000o\000n\000"}{subsection.1.3.2}% 26
\BOOKMARK [2][-]{subsection.1.3.3}{\376\377\000T\000h\000e\000\040\000S\000y\000n\000e\000r\000g\000i\000s\000t\000i\000c\000\040\000D\000i\000a\000m\000o\000n\000d\000:\000\040\000I\000n\000t\000e\000g\000r\000a\000t\000i\000n\000g\000\040\000F\000o\000u\000r\000\040\000A\000p\000p\000r\000o\000a\000c\000h\000e\000s}{section.1.3}% 27
\BOOKMARK [2][-]{subsection.1.3.4}{\376\377\000T\000h\000e\000\040\000T\000r\000i\000p\000a\000r\000t\000i\000t\000e\000\040\000N\000a\000t\000u\000r\000e\000\040\000o\000f\000\040\000C\000o\000m\000p\000u\000t\000a\000t\000i\000o\000n\000a\000l\000\040\000S\000c\000i\000e\000n\000c\000e}{section.1.3}% 28
\BOOKMARK [2][-]{subsection.1.3.5}{\376\377\000U\000n\000d\000e\000r\000s\000t\000a\000n\000d\000i\000n\000g\000\040\000t\000h\000e\000\040\000T\000r\000i\000p\000a\000r\000t\000i\000t\000e\000\040\000T\000r\000i\000a\000n\000g\000l\000e}{section.1.3}% 29
\BOOKMARK [3][-]{subsubsection.1.3.5.1}{\376\377\000V\000e\000r\000t\000e\000x\000\040\0001\000:\000\040\000A\000r\000c\000h\000i\000t\000e\000c\000t\000u\000r\000e\000\040\000\050\000C\000o\000m\000p\000u\000t\000i\000n\000g\000\040\000E\000n\000v\000i\000r\000o\000n\000m\000e\000n\000t\000\051}{subsection.1.3.5}% 30
\BOOKMARK [3][-]{subsubsection.1.3.5.2}{\376\377\000V\000e\000r\000t\000e\000x\000\040\0002\000:\000\040\000A\000l\000g\000o\000r\000i\000t\000h\000m\000\040\000\050\000M\000a\000t\000h\000e\000m\000a\000t\000i\000c\000a\000l\000\040\000M\000o\000d\000e\000l\000\051}{subsection.1.3.5}% 31
\BOOKMARK [3][-]{subsubsection.1.3.5.3}{\376\377\000V\000e\000r\000t\000e\000x\000\040\0003\000:\000\040\000A\000p\000p\000l\000i\000c\000a\000t\000i\000o\000n\000\040\000\050\000S\000c\000i\000e\000n\000c\000e\000\051}{subsection.1.3.5}% 32
\BOOKMARK [3][-]{subsubsection.1.3.5.4}{\376\377\000T\000h\000e\000\040\000C\000e\000n\000t\000r\000a\000l\000\040\000M\000o\000d\000e\000l\000:\000\040\000S\000y\000n\000t\000h\000e\000s\000i\000s\000\040\000a\000n\000d\000\040\000I\000n\000t\000e\000g\000r\000a\000t\000i\000o\000n}{subsection.1.3.5}% 33
\BOOKMARK [2][-]{subsection.1.3.6}{\376\377\000T\000h\000e\000\040\000S\000y\000n\000e\000r\000g\000i\000s\000t\000i\000c\000\040\000R\000e\000l\000a\000t\000i\000o\000n\000s\000h\000i\000p\000s\000:\000\040\000T\000r\000i\000a\000n\000g\000l\000e\000\040\000E\000d\000g\000e\000s}{section.1.3}% 34
\BOOKMARK [3][-]{subsubsection.1.3.6.1}{\376\377\000A\000r\000c\000h\000i\000t\000e\000c\000t\000u\000r\000e\000-\000A\000l\000g\000o\000r\000i\000t\000h\000m\000\040\000I\000n\000t\000e\000r\000f\000a\000c\000e}{subsection.1.3.6}% 35
\BOOKMARK [3][-]{subsubsection.1.3.6.2}{\376\377\000A\000l\000g\000o\000r\000i\000t\000h\000m\000-\000A\000p\000p\000l\000i\000c\000a\000t\000i\000o\000n\000\040\000I\000n\000t\000e\000r\000f\000a\000c\000e}{subsection.1.3.6}% 36
\BOOKMARK [3][-]{subsubsection.1.3.6.3}{\376\377\000A\000p\000p\000l\000i\000c\000a\000t\000i\000o\000n\000-\000A\000r\000c\000h\000i\000t\000e\000c\000t\000u\000r\000e\000\040\000I\000n\000t\000e\000r\000f\000a\000c\000e}{subsection.1.3.6}% 37
\BOOKMARK [2][-]{subsection.1.3.7}{\376\377\000P\000r\000a\000c\000t\000i\000c\000a\000l\000\040\000I\000m\000p\000l\000e\000m\000e\000n\000t\000a\000t\000i\000o\000n\000\040\000o\000f\000\040\000t\000h\000e\000\040\000T\000r\000i\000p\000a\000r\000t\000i\000t\000e\000\040\000A\000p\000p\000r\000o\000a\000c\000h}{section.1.3}% 38
\BOOKMARK [2][-]{subsection.1.3.8}{\376\377\000B\000e\000n\000e\000f\000i\000t\000s\000\040\000o\000f\000\040\000t\000h\000e\000\040\000T\000r\000i\000p\000a\000r\000t\000i\000t\000e\000\040\000A\000p\000p\000r\000o\000a\000c\000h}{section.1.3}% 39
\BOOKMARK [2][-]{subsection.1.3.9}{\376\377\000C\000h\000a\000l\000l\000e\000n\000g\000e\000s\000\040\000i\000n\000\040\000T\000r\000i\000p\000a\000r\000t\000i\000t\000e\000\040\000I\000n\000t\000e\000g\000r\000a\000t\000i\000o\000n}{section.1.3}% 40
\BOOKMARK [2][-]{subsection.1.3.10}{\376\377\000T\000h\000e\000\040\000I\000n\000t\000e\000r\000d\000i\000s\000c\000i\000p\000l\000i\000n\000a\000r\000y\000\040\000V\000e\000n\000n\000\040\000D\000i\000a\000g\000r\000a\000m\000\040\000P\000e\000r\000s\000p\000e\000c\000t\000i\000v\000e}{section.1.3}% 41
\BOOKMARK [2][-]{subsection.1.3.11}{\376\377\000T\000h\000e\000\040\000T\000h\000r\000e\000e\000\040\000P\000i\000l\000l\000a\000r\000s\000\040\000o\000f\000\040\000S\000c\000i\000e\000n\000c\000e}{section.1.3}% 42
\BOOKMARK [1][-]{section.1.4}{\376\377\000C\000h\000a\000r\000a\000c\000t\000e\000r\000i\000s\000t\000i\000c\000s\000\040\000o\000f\000\040\000C\000o\000m\000p\000u\000t\000a\000t\000i\000o\000n\000a\000l\000\040\000S\000c\000i\000e\000n\000c\000e}{chapter.1}% 43
\BOOKMARK [2][-]{subsection.1.4.1}{\376\377\000I\000n\000t\000e\000r\000d\000i\000s\000c\000i\000p\000l\000i\000n\000a\000r\000y\000\040\000N\000a\000t\000u\000r\000e}{section.1.4}% 44
\BOOKMARK [2][-]{subsection.1.4.2}{\376\377\000P\000r\000o\000b\000l\000e\000m\000-\000S\000o\000l\000v\000i\000n\000g\000\040\000A\000p\000p\000r\000o\000a\000c\000h}{section.1.4}% 45
\BOOKMARK [1][-]{section.1.5}{\376\377\000C\000o\000m\000p\000u\000t\000a\000t\000i\000o\000n\000a\000l\000\040\000T\000h\000i\000n\000k\000i\000n\000g}{chapter.1}% 46
\BOOKMARK [2][-]{subsection.1.5.1}{\376\377\000K\000e\000y\000\040\000C\000o\000m\000p\000o\000n\000e\000n\000t\000s\000\040\000o\000f\000\040\000C\000o\000m\000p\000u\000t\000a\000t\000i\000o\000n\000a\000l\000\040\000T\000h\000i\000n\000k\000i\000n\000g}{section.1.5}% 47
\BOOKMARK [2][-]{subsection.1.5.2}{\376\377\000C\000o\000m\000p\000u\000t\000a\000t\000i\000o\000n\000a\000l\000\040\000T\000h\000i\000n\000k\000i\000n\000g\000\040\000i\000n\000\040\000P\000r\000a\000c\000t\000i\000c\000e}{section.1.5}% 48
\BOOKMARK [2][-]{subsection.1.5.3}{\376\377\000B\000e\000n\000e\000f\000i\000t\000s\000\040\000o\000f\000\040\000C\000o\000m\000p\000u\000t\000a\000t\000i\000o\000n\000a\000l\000\040\000T\000h\000i\000n\000k\000i\000n\000g}{section.1.5}% 49
\BOOKMARK [2][-]{subsection.1.5.4}{\376\377\000C\000o\000m\000p\000u\000t\000a\000t\000i\000o\000n\000a\000l\000\040\000T\000h\000i\000n\000k\000i\000n\000g\000\040\000B\000e\000y\000o\000n\000d\000\040\000C\000o\000m\000p\000u\000t\000e\000r\000\040\000S\000c\000i\000e\000n\000c\000e}{section.1.5}% 50
\BOOKMARK [1][-]{section.1.6}{\376\377\000A\000p\000p\000l\000i\000c\000a\000t\000i\000o\000n\000s\000\040\000o\000f\000\040\000C\000o\000m\000p\000u\000t\000a\000t\000i\000o\000n\000a\000l\000\040\000S\000c\000i\000e\000n\000c\000e}{chapter.1}% 51
\BOOKMARK [2][-]{subsection.1.6.1}{\376\377\000P\000h\000y\000s\000i\000c\000a\000l\000\040\000S\000c\000i\000e\000n\000c\000e\000s}{section.1.6}% 52
\BOOKMARK [2][-]{subsection.1.6.2}{\376\377\000L\000i\000f\000e\000\040\000S\000c\000i\000e\000n\000c\000e\000s}{section.1.6}% 53
\BOOKMARK [2][-]{subsection.1.6.3}{\376\377\000E\000n\000g\000i\000n\000e\000e\000r\000i\000n\000g\000\040\000a\000n\000d\000\040\000T\000e\000c\000h\000n\000o\000l\000o\000g\000y}{section.1.6}% 54
\BOOKMARK [2][-]{subsection.1.6.4}{\376\377\000S\000o\000c\000i\000a\000l\000\040\000S\000c\000i\000e\000n\000c\000e\000s\000\040\000a\000n\000d\000\040\000E\000c\000o\000n\000o\000m\000i\000c\000s}{section.1.6}% 55
\BOOKMARK [1][-]{section.1.7}{\376\377\000T\000y\000p\000e\000s\000\040\000o\000f\000\040\000C\000o\000m\000p\000u\000t\000a\000t\000i\000o\000n\000a\000l\000\040\000M\000o\000d\000e\000l\000s}{chapter.1}% 56
\BOOKMARK [2][-]{subsection.1.7.1}{\376\377\000M\000a\000t\000h\000e\000m\000a\000t\000i\000c\000a\000l\000\040\000M\000o\000d\000e\000l\000s}{section.1.7}% 57
\BOOKMARK [2][-]{subsection.1.7.2}{\376\377\000C\000o\000m\000p\000u\000t\000a\000t\000i\000o\000n\000a\000l\000\040\000A\000p\000p\000r\000o\000a\000c\000h\000e\000s}{section.1.7}% 58
\BOOKMARK [1][-]{section.1.8}{\376\377\000T\000h\000e\000\040\000C\000o\000m\000p\000u\000t\000a\000t\000i\000o\000n\000a\000l\000\040\000S\000c\000i\000e\000n\000c\000e\000\040\000W\000o\000r\000k\000f\000l\000o\000w}{chapter.1}% 59
\BOOKMARK [2][-]{subsection.1.8.1}{\376\377\000P\000h\000a\000s\000e\000\040\0001\000:\000\040\000P\000r\000o\000b\000l\000e\000m\000\040\000F\000o\000r\000m\000u\000l\000a\000t\000i\000o\000n}{section.1.8}% 60
\BOOKMARK [2][-]{subsection.1.8.2}{\376\377\000P\000h\000a\000s\000e\000\040\0002\000:\000\040\000M\000a\000t\000h\000e\000m\000a\000t\000i\000c\000a\000l\000\040\000M\000o\000d\000e\000l\000i\000n\000g}{section.1.8}% 61
\BOOKMARK [2][-]{subsection.1.8.3}{\376\377\000P\000h\000a\000s\000e\000\040\0003\000:\000\040\000C\000o\000m\000p\000u\000t\000a\000t\000i\000o\000n\000a\000l\000\040\000I\000m\000p\000l\000e\000m\000e\000n\000t\000a\000t\000i\000o\000n}{section.1.8}% 62
\BOOKMARK [2][-]{subsection.1.8.4}{\376\377\000P\000h\000a\000s\000e\000\040\0004\000:\000\040\000S\000i\000m\000u\000l\000a\000t\000i\000o\000n\000\040\000a\000n\000d\000\040\000A\000n\000a\000l\000y\000s\000i\000s}{section.1.8}% 63
\BOOKMARK [2][-]{subsection.1.8.5}{\376\377\000P\000h\000a\000s\000e\000\040\0005\000:\000\040\000V\000a\000l\000i\000d\000a\000t\000i\000o\000n\000\040\000a\000n\000d\000\040\000V\000e\000r\000i\000f\000i\000c\000a\000t\000i\000o\000n}{section.1.8}% 64
\BOOKMARK [2][-]{subsection.1.8.6}{\376\377\000P\000h\000a\000s\000e\000\040\0006\000:\000\040\000I\000n\000t\000e\000r\000p\000r\000e\000t\000a\000t\000i\000o\000n\000\040\000a\000n\000d\000\040\000C\000o\000m\000m\000u\000n\000i\000c\000a\000t\000i\000o\000n}{section.1.8}% 65
\BOOKMARK [1][-]{section.1.9}{\376\377\000T\000o\000o\000l\000s\000\040\000a\000n\000d\000\040\000T\000e\000c\000h\000n\000o\000l\000o\000g\000i\000e\000s}{chapter.1}% 66
\BOOKMARK [2][-]{subsection.1.9.1}{\376\377\000P\000r\000o\000g\000r\000a\000m\000m\000i\000n\000g\000\040\000L\000a\000n\000g\000u\000a\000g\000e\000s}{section.1.9}% 67
\BOOKMARK [2][-]{subsection.1.9.2}{\376\377\000C\000o\000m\000p\000u\000t\000a\000t\000i\000o\000n\000a\000l\000\040\000P\000l\000a\000t\000f\000o\000r\000m\000s}{section.1.9}% 68
\BOOKMARK [2][-]{subsection.1.9.3}{\376\377\000S\000o\000f\000t\000w\000a\000r\000e\000\040\000L\000i\000b\000r\000a\000r\000i\000e\000s\000\040\000a\000n\000d\000\040\000F\000r\000a\000m\000e\000w\000o\000r\000k\000s}{section.1.9}% 69
\BOOKMARK [1][-]{section.1.10}{\376\377\000C\000h\000a\000l\000l\000e\000n\000g\000e\000s\000\040\000i\000n\000\040\000C\000o\000m\000p\000u\000t\000a\000t\000i\000o\000n\000a\000l\000\040\000S\000c\000i\000e\000n\000c\000e}{chapter.1}% 70
\BOOKMARK [2][-]{subsection.1.10.1}{\376\377\000T\000e\000c\000h\000n\000i\000c\000a\000l\000\040\000C\000h\000a\000l\000l\000e\000n\000g\000e\000s}{section.1.10}% 71
\BOOKMARK [2][-]{subsection.1.10.2}{\376\377\000M\000e\000t\000h\000o\000d\000o\000l\000o\000g\000i\000c\000a\000l\000\040\000C\000h\000a\000l\000l\000e\000n\000g\000e\000s}{section.1.10}% 72
\BOOKMARK [2][-]{subsection.1.10.3}{\376\377\000C\000o\000m\000p\000u\000t\000a\000t\000i\000o\000n\000a\000l\000\040\000C\000h\000a\000l\000l\000e\000n\000g\000e\000s}{section.1.10}% 73
\BOOKMARK [1][-]{section.1.11}{\376\377\000E\000t\000h\000i\000c\000s\000\040\000a\000n\000d\000\040\000R\000e\000s\000p\000o\000n\000s\000i\000b\000i\000l\000i\000t\000y}{chapter.1}% 74
\BOOKMARK [2][-]{subsection.1.11.1}{\376\377\000B\000e\000s\000t\000\040\000P\000r\000a\000c\000t\000i\000c\000e\000s}{section.1.11}% 75
\BOOKMARK [1][-]{section.1.12}{\376\377\000F\000u\000t\000u\000r\000e\000\040\000D\000i\000r\000e\000c\000t\000i\000o\000n\000s}{chapter.1}% 76
\BOOKMARK [2][-]{subsection.1.12.1}{\376\377\000E\000m\000e\000r\000g\000i\000n\000g\000\040\000T\000r\000e\000n\000d\000s}{section.1.12}% 77
\BOOKMARK [2][-]{subsection.1.12.2}{\376\377\000G\000r\000o\000w\000i\000n\000g\000\040\000A\000p\000p\000l\000i\000c\000a\000t\000i\000o\000n\000s}{section.1.12}% 78
\BOOKMARK [1][-]{section.1.13}{\376\377\000S\000u\000m\000m\000a\000r\000y}{chapter.1}% 79
\BOOKMARK [1][-]{section.1.14}{\376\377\000R\000e\000v\000i\000e\000w\000\040\000Q\000u\000e\000s\000t\000i\000o\000n\000s}{chapter.1}% 80
\BOOKMARK [1][-]{section.1.15}{\376\377\000E\000x\000e\000r\000c\000i\000s\000e\000s}{chapter.1}% 81
\BOOKMARK [0][-]{chapter.2}{\376\377\000R\000e\000f\000e\000r\000e\000n\000c\000e\000s}{}% 82
